<?xml version="1.0" encoding="UTF-8"?>
<testsuite name="Login Test"
           tests="2"
           failures="0"
           errors="0"
           skipped="0"
           time="3.149">
  <properties />
  
  
            <testcase name="userShouldNavigateToLoginPageSuccessFully" time="1.397" classname="com.nopcommerce.demo.testsuite.LoginPageTest" />
                <testcase name="verifyTheErrorMessageWithInValidCredentials" time="1.752" classname="com.nopcommerce.demo.testsuite.LoginPageTest" />
      
</testsuite>
